<?xml version="1.0" encoding="UTF-8"?>
<testng-results ignored="0" total="12" passed="10" failed="2" skipped="0">
  <reporter-output>
  </reporter-output>
  <suite started-at="2023-02-20T10:51:30 IST" name="Test Suite" finished-at="2023-02-20T10:53:24 IST" duration-ms="114449">
    <groups>
    </groups>
    <test started-at="2023-02-20T10:51:30 IST" name="My Test" finished-at="2023-02-20T10:53:24 IST" duration-ms="114449">
      <class name="Test_Amazon.BuyABook_Test">
        <test-method is-config="true" signature="setup()[pri:0, instance:Test_Amazon.BuyABook_Test@19c65cdc]" started-at="2023-02-20T10:51:40 IST" name="setup" finished-at="2023-02-20T10:51:46 IST" duration-ms="5809" status="PASS">
          <reporter-output>
          </reporter-output>
        </test-method> <!-- setup -->
        <test-method signature="SearchItemTest()[pri:1, instance:Test_Amazon.BuyABook_Test@19c65cdc]" started-at="2023-02-20T10:51:46 IST" name="SearchItemTest" finished-at="2023-02-20T10:51:53 IST" duration-ms="6434" status="PASS">
          <reporter-output>
          </reporter-output>
        </test-method> <!-- SearchItemTest -->
        <test-method signature="searchSubjects(java.lang.String)[pri:2, instance:Test_Amazon.BuyABook_Test@19c65cdc]" started-at="2023-02-20T10:51:53 IST" name="searchSubjects" data-provider="getBookData" finished-at="2023-02-20T10:52:04 IST" duration-ms="11889" status="FAIL">
          <params>
            <param index="0">
              <value>
                <![CDATA[art book]]>
              </value>
            </param>
          </params>
          <exception class="org.openqa.selenium.NoSuchElementException">
            <message>
              <![CDATA[no such element: Unable to locate element: {"method":"css selector","selector":"#price"}
  (Session info: chrome=110.0.5481.104)
For documentation on this error, please visit: https://selenium.dev/exceptions/#no_such_element
Build info: version: '4.4.0', revision: 'e5c75ed026a'
System info: host: 'LAPTOP-BFM5BG7L', ip: '10.0.0.51', os.name: 'Windows 10', os.arch: 'amd64', os.version: '10.0', java.version: '17.0.4.1'
Driver info: org.openqa.selenium.chrome.ChromeDriver
Command: [6be124e69f08bfc2ea763e405a574652, findElement {using=id, value=price}]
Capabilities {acceptInsecureCerts: false, browserName: chrome, browserVersion: 110.0.5481.104, chrome: {chromedriverVersion: 109.0.5414.74 (e7c5703604da..., userDataDir: C:\Users\LENOVO\AppData\Loc...}, goog:chromeOptions: {debuggerAddress: localhost:57773}, networkConnectionEnabled: false, pageLoadStrategy: normal, platformName: WINDOWS, proxy: Proxy(), se:cdp: ws://localhost:57773/devtoo..., se:cdpVersion: 110.0.5481.104, setWindowRect: true, strictFileInteractability: false, timeouts: {implicit: 0, pageLoad: 300000, script: 30000}, unhandledPromptBehavior: dismiss and notify, webauthn:extension:credBlob: true, webauthn:extension:largeBlob: true, webauthn:virtualAuthenticators: true}
Session ID: 6be124e69f08bfc2ea763e405a574652]]>
            </message>
            <full-stacktrace>
              <![CDATA[org.openqa.selenium.NoSuchElementException: no such element: Unable to locate element: {"method":"css selector","selector":"#price"}
  (Session info: chrome=110.0.5481.104)
For documentation on this error, please visit: https://selenium.dev/exceptions/#no_such_element
Build info: version: '4.4.0', revision: 'e5c75ed026a'
System info: host: 'LAPTOP-BFM5BG7L', ip: '10.0.0.51', os.name: 'Windows 10', os.arch: 'amd64', os.version: '10.0', java.version: '17.0.4.1'
Driver info: org.openqa.selenium.chrome.ChromeDriver
Command: [6be124e69f08bfc2ea763e405a574652, findElement {using=id, value=price}]
Capabilities {acceptInsecureCerts: false, browserName: chrome, browserVersion: 110.0.5481.104, chrome: {chromedriverVersion: 109.0.5414.74 (e7c5703604da..., userDataDir: C:\Users\LENOVO\AppData\Loc...}, goog:chromeOptions: {debuggerAddress: localhost:57773}, networkConnectionEnabled: false, pageLoadStrategy: normal, platformName: WINDOWS, proxy: Proxy(), se:cdp: ws://localhost:57773/devtoo..., se:cdpVersion: 110.0.5481.104, setWindowRect: true, strictFileInteractability: false, timeouts: {implicit: 0, pageLoad: 300000, script: 30000}, unhandledPromptBehavior: dismiss and notify, webauthn:extension:credBlob: true, webauthn:extension:largeBlob: true, webauthn:virtualAuthenticators: true}
Session ID: 6be124e69f08bfc2ea763e405a574652
at java.base/jdk.internal.reflect.NativeConstructorAccessorImpl.newInstance0(Native Method)
at java.base/jdk.internal.reflect.NativeConstructorAccessorImpl.newInstance(NativeConstructorAccessorImpl.java:77)
at java.base/jdk.internal.reflect.DelegatingConstructorAccessorImpl.newInstance(DelegatingConstructorAccessorImpl.java:45)
at java.base/java.lang.reflect.Constructor.newInstanceWithCaller(Constructor.java:499)
at java.base/java.lang.reflect.Constructor.newInstance(Constructor.java:480)
at org.openqa.selenium.remote.codec.w3c.W3CHttpResponseCodec.createException(W3CHttpResponseCodec.java:200)
at org.openqa.selenium.remote.codec.w3c.W3CHttpResponseCodec.decode(W3CHttpResponseCodec.java:133)
at org.openqa.selenium.remote.codec.w3c.W3CHttpResponseCodec.decode(W3CHttpResponseCodec.java:53)
at org.openqa.selenium.remote.HttpCommandExecutor.execute(HttpCommandExecutor.java:184)
at org.openqa.selenium.remote.service.DriverCommandExecutor.invokeExecute(DriverCommandExecutor.java:167)
at org.openqa.selenium.remote.service.DriverCommandExecutor.execute(DriverCommandExecutor.java:142)
at org.openqa.selenium.remote.RemoteWebDriver.execute(RemoteWebDriver.java:547)
at org.openqa.selenium.remote.ElementLocation$ElementFinder$2.findElement(ElementLocation.java:162)
at org.openqa.selenium.remote.ElementLocation.findElement(ElementLocation.java:60)
at org.openqa.selenium.remote.RemoteWebDriver.findElement(RemoteWebDriver.java:365)
at org.openqa.selenium.remote.RemoteWebDriver.findElement(RemoteWebDriver.java:357)
at Core_Amazon.ItemInfo_Page.getPrice(ItemInfo_Page.java:18)
at Test_Amazon.BuyABook_Test.searchSubjects(BuyABook_Test.java:68)
at java.base/jdk.internal.reflect.NativeMethodAccessorImpl.invoke0(Native Method)
at java.base/jdk.internal.reflect.NativeMethodAccessorImpl.invoke(NativeMethodAccessorImpl.java:77)
at java.base/jdk.internal.reflect.DelegatingMethodAccessorImpl.invoke(DelegatingMethodAccessorImpl.java:43)
at java.base/java.lang.reflect.Method.invoke(Method.java:568)
at org.testng.internal.invokers.MethodInvocationHelper.invokeMethod(MethodInvocationHelper.java:139)
at org.testng.internal.invokers.TestInvoker.invokeMethod(TestInvoker.java:677)
at org.testng.internal.invokers.TestInvoker.invokeTestMethod(TestInvoker.java:221)
at org.testng.internal.invokers.MethodRunner.runInSequence(MethodRunner.java:50)
at org.testng.internal.invokers.TestInvoker$MethodInvocationAgent.invoke(TestInvoker.java:962)
at org.testng.internal.invokers.TestInvoker.invokeTestMethods(TestInvoker.java:194)
at org.testng.internal.invokers.TestMethodWorker.invokeTestMethods(TestMethodWorker.java:148)
at org.testng.internal.invokers.TestMethodWorker.run(TestMethodWorker.java:128)
at java.base/java.util.ArrayList.forEach(ArrayList.java:1511)
at org.testng.TestRunner.privateRun(TestRunner.java:806)
at org.testng.TestRunner.run(TestRunner.java:601)
at org.testng.SuiteRunner.runTest(SuiteRunner.java:433)
at org.testng.SuiteRunner.runSequentially(SuiteRunner.java:427)
at org.testng.SuiteRunner.privateRun(SuiteRunner.java:387)
at org.testng.SuiteRunner.run(SuiteRunner.java:330)
at org.testng.SuiteRunnerWorker.runSuite(SuiteRunnerWorker.java:52)
at org.testng.SuiteRunnerWorker.run(SuiteRunnerWorker.java:95)
at org.testng.TestNG.runSuitesSequentially(TestNG.java:1256)
at org.testng.TestNG.runSuitesLocally(TestNG.java:1176)
at org.testng.TestNG.runSuites(TestNG.java:1099)
at org.testng.TestNG.run(TestNG.java:1067)
at org.testng.remote.AbstractRemoteTestNG.run(AbstractRemoteTestNG.java:115)
at org.testng.remote.RemoteTestNG.initAndRun(RemoteTestNG.java:251)
at org.testng.remote.RemoteTestNG.main(RemoteTestNG.java:77)
]]>
            </full-stacktrace>
          </exception> <!-- org.openqa.selenium.NoSuchElementException -->
          <reporter-output>
          </reporter-output>
        </test-method> <!-- searchSubjects -->
        <test-method signature="searchSubjects(java.lang.String)[pri:2, instance:Test_Amazon.BuyABook_Test@19c65cdc]" started-at="2023-02-20T10:52:05 IST" name="searchSubjects" data-provider="getBookData" finished-at="2023-02-20T10:52:23 IST" duration-ms="18955" status="PASS">
          <params>
            <param index="0">
              <value>
                <![CDATA[biology book]]>
              </value>
            </param>
          </params>
          <reporter-output>
          </reporter-output>
        </test-method> <!-- searchSubjects -->
        <test-method signature="searchSubjects(java.lang.String)[pri:2, instance:Test_Amazon.BuyABook_Test@19c65cdc]" started-at="2023-02-20T10:52:23 IST" name="searchSubjects" data-provider="getBookData" finished-at="2023-02-20T10:52:43 IST" duration-ms="19396" status="PASS">
          <params>
            <param index="0">
              <value>
                <![CDATA[plant book]]>
              </value>
            </param>
          </params>
          <reporter-output>
          </reporter-output>
        </test-method> <!-- searchSubjects -->
        <test-method signature="CartTest()[pri:3, instance:Test_Amazon.BuyABook_Test@19c65cdc]" started-at="2023-02-20T10:52:43 IST" name="CartTest" finished-at="2023-02-20T10:52:46 IST" duration-ms="3276" status="FAIL">
          <exception class="java.lang.AssertionError">
            <message>
              <![CDATA[Values do not match expected [24.349998] but found [24.35]]]>
            </message>
            <full-stacktrace>
              <![CDATA[java.lang.AssertionError: Values do not match expected [24.349998] but found [24.35]
at org.testng.Assert.fail(Assert.java:110)
at org.testng.Assert.failNotEquals(Assert.java:1413)
at org.testng.Assert.assertEquals(Assert.java:844)
at Test_Amazon.BuyABook_Test.CartTest(BuyABook_Test.java:88)
at java.base/jdk.internal.reflect.NativeMethodAccessorImpl.invoke0(Native Method)
at java.base/jdk.internal.reflect.NativeMethodAccessorImpl.invoke(NativeMethodAccessorImpl.java:77)
at java.base/jdk.internal.reflect.DelegatingMethodAccessorImpl.invoke(DelegatingMethodAccessorImpl.java:43)
at java.base/java.lang.reflect.Method.invoke(Method.java:568)
at org.testng.internal.invokers.MethodInvocationHelper.invokeMethod(MethodInvocationHelper.java:139)
at org.testng.internal.invokers.TestInvoker.invokeMethod(TestInvoker.java:677)
at org.testng.internal.invokers.TestInvoker.invokeTestMethod(TestInvoker.java:221)
at org.testng.internal.invokers.MethodRunner.runInSequence(MethodRunner.java:50)
at org.testng.internal.invokers.TestInvoker$MethodInvocationAgent.invoke(TestInvoker.java:962)
at org.testng.internal.invokers.TestInvoker.invokeTestMethods(TestInvoker.java:194)
at org.testng.internal.invokers.TestMethodWorker.invokeTestMethods(TestMethodWorker.java:148)
at org.testng.internal.invokers.TestMethodWorker.run(TestMethodWorker.java:128)
at java.base/java.util.ArrayList.forEach(ArrayList.java:1511)
at org.testng.TestRunner.privateRun(TestRunner.java:806)
at org.testng.TestRunner.run(TestRunner.java:601)
at org.testng.SuiteRunner.runTest(SuiteRunner.java:433)
at org.testng.SuiteRunner.runSequentially(SuiteRunner.java:427)
at org.testng.SuiteRunner.privateRun(SuiteRunner.java:387)
at org.testng.SuiteRunner.run(SuiteRunner.java:330)
at org.testng.SuiteRunnerWorker.runSuite(SuiteRunnerWorker.java:52)
at org.testng.SuiteRunnerWorker.run(SuiteRunnerWorker.java:95)
at org.testng.TestNG.runSuitesSequentially(TestNG.java:1256)
at org.testng.TestNG.runSuitesLocally(TestNG.java:1176)
at org.testng.TestNG.runSuites(TestNG.java:1099)
at org.testng.TestNG.run(TestNG.java:1067)
at org.testng.remote.AbstractRemoteTestNG.run(AbstractRemoteTestNG.java:115)
at org.testng.remote.RemoteTestNG.initAndRun(RemoteTestNG.java:251)
at org.testng.remote.RemoteTestNG.main(RemoteTestNG.java:77)
]]>
            </full-stacktrace>
          </exception> <!-- java.lang.AssertionError -->
          <reporter-output>
          </reporter-output>
        </test-method> <!-- CartTest -->
        <test-method is-config="true" signature="teardown()[pri:0, instance:Test_Amazon.BuyABook_Test@19c65cdc]" started-at="2023-02-20T10:52:46 IST" name="teardown" finished-at="2023-02-20T10:52:47 IST" duration-ms="379" status="PASS">
          <reporter-output>
          </reporter-output>
        </test-method> <!-- teardown -->
      </class> <!-- Test_Amazon.BuyABook_Test -->
      <class name="Test_Amazon.Login_Test">
        <test-method is-config="true" signature="setup()[pri:0, instance:Test_Amazon.Login_Test@3bd323e9]" started-at="2023-02-20T10:51:30 IST" name="setup" finished-at="2023-02-20T10:51:37 IST" duration-ms="7217" status="PASS">
          <reporter-output>
          </reporter-output>
        </test-method> <!-- setup -->
        <test-method signature="testLogin()[pri:0, instance:Test_Amazon.Login_Test@3bd323e9]" started-at="2023-02-20T10:51:37 IST" name="testLogin" finished-at="2023-02-20T10:51:40 IST" duration-ms="2983" status="PASS">
          <reporter-output>
          </reporter-output>
        </test-method> <!-- testLogin -->
        <test-method is-config="true" signature="teardown()[pri:0, instance:Test_Amazon.Login_Test@3bd323e9]" started-at="2023-02-20T10:51:40 IST" name="teardown" finished-at="2023-02-20T10:51:40 IST" duration-ms="422" status="PASS">
          <reporter-output>
          </reporter-output>
        </test-method> <!-- teardown -->
      </class> <!-- Test_Amazon.Login_Test -->
      <class name="Test_Amazon.TestRating">
        <test-method is-config="true" signature="setup()[pri:0, instance:Test_Amazon.TestRating@74bf1791]" started-at="2023-02-20T10:52:47 IST" name="setup" finished-at="2023-02-20T10:52:53 IST" duration-ms="6470" status="PASS">
          <reporter-output>
          </reporter-output>
        </test-method> <!-- setup -->
        <test-method signature="searchSubjects(java.lang.String)[pri:0, instance:Test_Amazon.TestRating@74bf1791]" started-at="2023-02-20T10:52:53 IST" name="searchSubjects" data-provider="getTestData" finished-at="2023-02-20T10:52:58 IST" duration-ms="5039" status="PASS">
          <params>
            <param index="0">
              <value>
                <![CDATA[Shea Moisture]]>
              </value>
            </param>
          </params>
          <reporter-output>
          </reporter-output>
        </test-method> <!-- searchSubjects -->
        <test-method signature="searchSubjects(java.lang.String)[pri:0, instance:Test_Amazon.TestRating@74bf1791]" started-at="2023-02-20T10:52:58 IST" name="searchSubjects" data-provider="getTestData" finished-at="2023-02-20T10:53:01 IST" duration-ms="2729" status="PASS">
          <params>
            <param index="0">
              <value>
                <![CDATA[Meta Quest2 ]]>
              </value>
            </param>
          </params>
          <reporter-output>
          </reporter-output>
        </test-method> <!-- searchSubjects -->
        <test-method signature="searchSubjects(java.lang.String)[pri:0, instance:Test_Amazon.TestRating@74bf1791]" started-at="2023-02-20T10:53:01 IST" name="searchSubjects" data-provider="getTestData" finished-at="2023-02-20T10:53:05 IST" duration-ms="4023" status="PASS">
          <params>
            <param index="0">
              <value>
                <![CDATA[Diod Light]]>
              </value>
            </param>
          </params>
          <reporter-output>
          </reporter-output>
        </test-method> <!-- searchSubjects -->
        <test-method signature="searchSubjects(java.lang.String)[pri:0, instance:Test_Amazon.TestRating@74bf1791]" started-at="2023-02-20T10:53:05 IST" name="searchSubjects" data-provider="getTestData" finished-at="2023-02-20T10:53:14 IST" duration-ms="8759" status="PASS">
          <params>
            <param index="0">
              <value>
                <![CDATA[Wooden Chair]]>
              </value>
            </param>
          </params>
          <reporter-output>
          </reporter-output>
        </test-method> <!-- searchSubjects -->
        <test-method signature="searchSubjects(java.lang.String)[pri:0, instance:Test_Amazon.TestRating@74bf1791]" started-at="2023-02-20T10:53:14 IST" name="searchSubjects" data-provider="getTestData" finished-at="2023-02-20T10:53:19 IST" duration-ms="5109" status="PASS">
          <params>
            <param index="0">
              <value>
                <![CDATA[Laptop Case]]>
              </value>
            </param>
          </params>
          <reporter-output>
          </reporter-output>
        </test-method> <!-- searchSubjects -->
        <test-method signature="searchSubjects(java.lang.String)[pri:0, instance:Test_Amazon.TestRating@74bf1791]" started-at="2023-02-20T10:53:19 IST" name="searchSubjects" data-provider="getTestData" finished-at="2023-02-20T10:53:24 IST" duration-ms="4947" status="PASS">
          <params>
            <param index="0">
              <value>
                <![CDATA[Football]]>
              </value>
            </param>
          </params>
          <reporter-output>
          </reporter-output>
        </test-method> <!-- searchSubjects -->
        <test-method is-config="true" signature="teardown()[pri:0, instance:Test_Amazon.TestRating@74bf1791]" started-at="2023-02-20T10:53:24 IST" name="teardown" finished-at="2023-02-20T10:53:24 IST" duration-ms="371" status="PASS">
          <reporter-output>
          </reporter-output>
        </test-method> <!-- teardown -->
      </class> <!-- Test_Amazon.TestRating -->
    </test> <!-- My Test -->
  </suite> <!-- Test Suite -->
</testng-results>
